<?xml version="1.0" encoding="UTF-8"?>
<!-- Generated by org.testng.reporters.JUnitReportReporter -->
<testsuite skipped="0" hostname="DESKTOP-L881BI0" name="conexion_chromedriver.Test001" tests="1" failures="0" timestamp="2020-09-28T18:39:55 CLST" time="28.418" errors="0">
  <testcase name="test4" time="28.418" classname="conexion_chromedriver.Test001"/>
  <system-out/>
</testsuite> <!-- conexion_chromedriver.Test001 -->
