<?xml version="1.0" encoding="UTF-8"?>
<!-- Generated by org.testng.reporters.JUnitReportReporter -->
<testsuite skipped="0" hostname="DESKTOP-L881BI0" name="test.Test001" tests="1" failures="0" timestamp="2020-10-09T11:11:10 CLST" time="28.191" errors="0">
  <testcase name="login" time="28.191" classname="test.Test001"/>
  <system-out/>
</testsuite> <!-- test.Test001 -->
